FILE_TYPE=LIBRARY_PARTS;
PRIMITIVE 'ANT3216LL00R2400A','ANT3216LL00R2400A_Other';
  PIN
    '1':
      PIN_NUMBER='(1)';
      NO_LOAD_CHECK=BOTH;
      NO_IO_CHECK=BOTH;
      ALLOW_CONNECT=TRUE;
      PINUSE='UNSPEC';
    '2':
      PIN_NUMBER='(2)';
      NO_LOAD_CHECK=BOTH;
      NO_IO_CHECK=BOTH;
      ALLOW_CONNECT=TRUE;
      PINUSE='UNSPEC';
  END_PIN;
  BODY
    PART_NAME='ANT3216LL00R2400A';
    PHYS_DES_PREFIX='ANT';
    NO_LOAD_CHECK='TRUE';
    PIN_COUNT='2';
    BODY_NAME='ANT3216LL00R2400A';
    JEDEC_TYPE='ANT3216LL00R2400A';
  END_BODY;
END_PRIMITIVE;
END.
